<?xml version="1.0" encoding="UTF-8"?>
<!-- Generated by org.testng.reporters.JUnitXMLReporter -->
<testsuite ignored="8" hostname="LTIN487221" failures="0" tests="7" name="EdgeTest" time="47.73" errors="0" timestamp="2024-04-08T14:31:08 IST">
  <testcase classname="TestCases.TC001_ValidateUserInfo" name="getUserInfo" time="4.387"/>
  <testcase classname="TestCases.TC002_ValidateWelcomeMsg" name="welcomeMsgValidation" time="14.301"/>
  <testcase classname="TestCases.TC003_ValidateDefaultCountryAndLanguage" name="countryAndLanguageValidation" time="0.037"/>
  <testcase classname="TestCases.TC004_LanguageDropdownDetails" name="languageDropdownDetails" time="0.135"/>
  <testcase classname="TestCases.TC005_DetailsOfGSD" name="getGSDdetails" time="5.128"/>
  <testcase classname="TestCases.TC005_DetailsOfGSD" name="getGSDdetails" time="4.528"/>
  <testcase classname="TestCases.TC005_DetailsOfGSD" name="getGSDdetails" time="7.764"/>
  <testcase classname="TestBase.BaseClass" name="@AfterTest close" time="0.0">
    <ignored/>
  </testcase> <!-- @AfterTest close -->
  <testcase classname="TestBase.BaseClass" name="@AfterTest close" time="0.0">
    <ignored/>
  </testcase> <!-- @AfterTest close -->
  <testcase classname="TestBase.BaseClass" name="@BeforeTest setup" time="0.0">
    <ignored/>
  </testcase> <!-- @BeforeTest setup -->
  <testcase classname="TestBase.BaseClass" name="@BeforeTest setup" time="0.0">
    <ignored/>
  </testcase> <!-- @BeforeTest setup -->
  <testcase classname="TestBase.BaseClass" name="@AfterTest close" time="0.0">
    <ignored/>
  </testcase> <!-- @AfterTest close -->
  <testcase classname="TestBase.BaseClass" name="@BeforeTest setup" time="0.0">
    <ignored/>
  </testcase> <!-- @BeforeTest setup -->
  <testcase classname="TestBase.BaseClass" name="@BeforeTest setup" time="0.0">
    <ignored/>
  </testcase> <!-- @BeforeTest setup -->
  <testcase classname="TestBase.BaseClass" name="@AfterTest close" time="0.0">
    <ignored/>
  </testcase> <!-- @AfterTest close -->
</testsuite> <!-- EdgeTest -->
