<?xml version="1.0" encoding="UTF-8"?>
<testng-results ignored="0" total="14" passed="14" failed="0" skipped="0">
  <reporter-output>
  </reporter-output>
  <suite started-at="2024-04-08T14:29:24 IST" name="Suite" finished-at="2024-04-08T14:31:07 IST" duration-ms="103353">
    <groups>
    </groups>
    <test started-at="2024-04-08T14:29:24 IST" name="ChromeTest" finished-at="2024-04-08T14:30:19 IST" duration-ms="54850">
      <class name="TestCases.TC001_ValidateUserInfo">
        <test-method is-config="true" signature="setup(java.lang.String)[pri:0, instance:TestCases.TC001_ValidateUserInfo@35beb15e]" started-at="2024-04-08T14:29:24 IST" name="setup" finished-at="2024-04-08T14:29:35 IST" duration-ms="10355" status="PASS">
          <params>
            <param index="0">
              <value>
                <![CDATA[chrome]]>
              </value>
            </param>
          </params>
          <reporter-output>
          </reporter-output>
        </test-method> <!-- setup -->
        <test-method signature="getUserInfo()[pri:0, instance:TestCases.TC001_ValidateUserInfo@35beb15e]" started-at="2024-04-08T14:29:35 IST" name="getUserInfo" finished-at="2024-04-08T14:29:39 IST" duration-ms="4524" status="PASS">
          <reporter-output>
          </reporter-output>
        </test-method> <!-- getUserInfo -->
        <test-method is-config="true" signature="close()[pri:0, instance:TestCases.TC001_ValidateUserInfo@35beb15e]" started-at="2024-04-08T14:30:18 IST" name="close" finished-at="2024-04-08T14:30:19 IST" duration-ms="1105" status="PASS">
          <reporter-output>
          </reporter-output>
        </test-method> <!-- close -->
      </class> <!-- TestCases.TC001_ValidateUserInfo -->
      <class name="TestCases.TC003_ValidateDefaultCountryAndLanguage">
        <test-method signature="countryAndLanguageValidation()[pri:0, instance:TestCases.TC003_ValidateDefaultCountryAndLanguage@53ab0286]" started-at="2024-04-08T14:29:56 IST" name="countryAndLanguageValidation" finished-at="2024-04-08T14:29:56 IST" duration-ms="41" status="PASS">
          <reporter-output>
          </reporter-output>
        </test-method> <!-- countryAndLanguageValidation -->
      </class> <!-- TestCases.TC003_ValidateDefaultCountryAndLanguage -->
      <class name="TestCases.TC002_ValidateWelcomeMsg">
        <test-method signature="welcomeMsgValidation(java.lang.String)[pri:0, instance:TestCases.TC002_ValidateWelcomeMsg@9635fa]" started-at="2024-04-08T14:29:40 IST" name="welcomeMsgValidation" finished-at="2024-04-08T14:29:55 IST" duration-ms="15707" status="PASS">
          <params>
            <param index="0">
              <value>
                <![CDATA[chrome]]>
              </value>
            </param>
          </params>
          <reporter-output>
          </reporter-output>
        </test-method> <!-- welcomeMsgValidation -->
      </class> <!-- TestCases.TC002_ValidateWelcomeMsg -->
      <class name="TestCases.TC005_DetailsOfGSD">
        <test-method signature="getGSDdetails(java.lang.String)[pri:0, instance:TestCases.TC005_DetailsOfGSD@2d10e0b1]" started-at="2024-04-08T14:29:56 IST" name="getGSDdetails" finished-at="2024-04-08T14:30:05 IST" duration-ms="9071" status="PASS">
          <params>
            <param index="0">
              <value>
                <![CDATA[chrome]]>
              </value>
            </param>
          </params>
          <reporter-output>
          </reporter-output>
        </test-method> <!-- getGSDdetails -->
        <test-method signature="getGSDdetails(java.lang.String)[pri:0, instance:TestCases.TC005_DetailsOfGSD@2d10e0b1]" started-at="2024-04-08T14:30:05 IST" name="getGSDdetails" finished-at="2024-04-08T14:30:13 IST" duration-ms="7571" status="PASS">
          <params>
            <param index="0">
              <value>
                <![CDATA[chrome]]>
              </value>
            </param>
          </params>
          <reporter-output>
          </reporter-output>
        </test-method> <!-- getGSDdetails -->
        <test-method signature="getGSDdetails(java.lang.String)[pri:0, instance:TestCases.TC005_DetailsOfGSD@2d10e0b1]" started-at="2024-04-08T14:30:13 IST" name="getGSDdetails" finished-at="2024-04-08T14:30:18 IST" duration-ms="4721" status="PASS">
          <params>
            <param index="0">
              <value>
                <![CDATA[chrome]]>
              </value>
            </param>
          </params>
          <reporter-output>
          </reporter-output>
        </test-method> <!-- getGSDdetails -->
      </class> <!-- TestCases.TC005_DetailsOfGSD -->
      <class name="TestCases.TC004_LanguageDropdownDetails">
        <test-method signature="languageDropdownDetails()[pri:0, instance:TestCases.TC004_LanguageDropdownDetails@63c5efee]" started-at="2024-04-08T14:29:56 IST" name="languageDropdownDetails" finished-at="2024-04-08T14:29:56 IST" duration-ms="135" status="PASS">
          <reporter-output>
          </reporter-output>
        </test-method> <!-- languageDropdownDetails -->
      </class> <!-- TestCases.TC004_LanguageDropdownDetails -->
    </test> <!-- ChromeTest -->
    <test started-at="2024-04-08T14:30:20 IST" name="EdgeTest" finished-at="2024-04-08T14:31:07 IST" duration-ms="47730">
      <class name="TestCases.TC001_ValidateUserInfo">
        <test-method is-config="true" signature="setup(java.lang.String)[pri:0, instance:TestCases.TC001_ValidateUserInfo@6e521c1e]" started-at="2024-04-08T14:30:20 IST" name="setup" finished-at="2024-04-08T14:30:28 IST" duration-ms="8699" status="PASS">
          <params>
            <param index="0">
              <value>
                <![CDATA[edge]]>
              </value>
            </param>
          </params>
          <reporter-output>
          </reporter-output>
        </test-method> <!-- setup -->
        <test-method signature="getUserInfo()[pri:0, instance:TestCases.TC001_ValidateUserInfo@6e521c1e]" started-at="2024-04-08T14:30:28 IST" name="getUserInfo" finished-at="2024-04-08T14:30:33 IST" duration-ms="4387" status="PASS">
          <reporter-output>
          </reporter-output>
        </test-method> <!-- getUserInfo -->
        <test-method is-config="true" signature="close()[pri:0, instance:TestCases.TC001_ValidateUserInfo@6e521c1e]" started-at="2024-04-08T14:31:06 IST" name="close" finished-at="2024-04-08T14:31:07 IST" duration-ms="1689" status="PASS">
          <reporter-output>
          </reporter-output>
        </test-method> <!-- close -->
      </class> <!-- TestCases.TC001_ValidateUserInfo -->
      <class name="TestCases.TC003_ValidateDefaultCountryAndLanguage">
        <test-method signature="countryAndLanguageValidation()[pri:0, instance:TestCases.TC003_ValidateDefaultCountryAndLanguage@5d5d9e5]" started-at="2024-04-08T14:30:48 IST" name="countryAndLanguageValidation" finished-at="2024-04-08T14:30:48 IST" duration-ms="37" status="PASS">
          <reporter-output>
          </reporter-output>
        </test-method> <!-- countryAndLanguageValidation -->
      </class> <!-- TestCases.TC003_ValidateDefaultCountryAndLanguage -->
      <class name="TestCases.TC002_ValidateWelcomeMsg">
        <test-method signature="welcomeMsgValidation(java.lang.String)[pri:0, instance:TestCases.TC002_ValidateWelcomeMsg@224b4d61]" started-at="2024-04-08T14:30:33 IST" name="welcomeMsgValidation" finished-at="2024-04-08T14:30:47 IST" duration-ms="14301" status="PASS">
          <params>
            <param index="0">
              <value>
                <![CDATA[edge]]>
              </value>
            </param>
          </params>
          <reporter-output>
          </reporter-output>
        </test-method> <!-- welcomeMsgValidation -->
      </class> <!-- TestCases.TC002_ValidateWelcomeMsg -->
      <class name="TestCases.TC005_DetailsOfGSD">
        <test-method signature="getGSDdetails(java.lang.String)[pri:0, instance:TestCases.TC005_DetailsOfGSD@4ef27d66]" started-at="2024-04-08T14:30:48 IST" name="getGSDdetails" finished-at="2024-04-08T14:30:53 IST" duration-ms="5128" status="PASS">
          <params>
            <param index="0">
              <value>
                <![CDATA[edge]]>
              </value>
            </param>
          </params>
          <reporter-output>
          </reporter-output>
        </test-method> <!-- getGSDdetails -->
        <test-method signature="getGSDdetails(java.lang.String)[pri:0, instance:TestCases.TC005_DetailsOfGSD@4ef27d66]" started-at="2024-04-08T14:30:53 IST" name="getGSDdetails" finished-at="2024-04-08T14:30:58 IST" duration-ms="4528" status="PASS">
          <params>
            <param index="0">
              <value>
                <![CDATA[edge]]>
              </value>
            </param>
          </params>
          <reporter-output>
          </reporter-output>
        </test-method> <!-- getGSDdetails -->
        <test-method signature="getGSDdetails(java.lang.String)[pri:0, instance:TestCases.TC005_DetailsOfGSD@4ef27d66]" started-at="2024-04-08T14:30:58 IST" name="getGSDdetails" finished-at="2024-04-08T14:31:06 IST" duration-ms="7764" status="PASS">
          <params>
            <param index="0">
              <value>
                <![CDATA[edge]]>
              </value>
            </param>
          </params>
          <reporter-output>
          </reporter-output>
        </test-method> <!-- getGSDdetails -->
      </class> <!-- TestCases.TC005_DetailsOfGSD -->
      <class name="TestCases.TC004_LanguageDropdownDetails">
        <test-method signature="languageDropdownDetails()[pri:0, instance:TestCases.TC004_LanguageDropdownDetails@303e3593]" started-at="2024-04-08T14:30:48 IST" name="languageDropdownDetails" finished-at="2024-04-08T14:30:48 IST" duration-ms="135" status="PASS">
          <reporter-output>
          </reporter-output>
        </test-method> <!-- languageDropdownDetails -->
      </class> <!-- TestCases.TC004_LanguageDropdownDetails -->
    </test> <!-- EdgeTest -->
  </suite> <!-- Suite -->
</testng-results>
